2021-04-18 17:07:04,417 [ 1] INFO  Unity: LoadingManager start
2021-04-18 17:07:05,748 [ 1] INFO  Unity: DataManager -> DataManager()
2021-04-18 17:07:05,750 [ 1] INFO  Unity: DataManager ->IEnumerator Load()
2021-04-18 17:07:15,088 [ 1] INFO  Unity: UserLoginRequest::user :test2 psw:123
2021-04-18 17:07:15,091 [ 1] INFO  Unity: ConnectToServer() Start 
2021-04-18 17:07:15,093 [ 1] INFO  Unity: DoConnect
2021-04-18 17:07:15,096 [ 1] INFO  Unity: NetClient.DoConnect on 127.0.0.1:8000
2021-04-18 17:07:15,098 [ 1] INFO  Unity: Connect[0] to server 127.0.0.1:8000

2021-04-18 17:07:15,104 [ 1] ERROR Unity: 登录信息已发送！
UnityEngine.Debug:LogError(Object)
UILogin:OnClickLogin() (at Assets/Scripts/UI/UILogin.cs:32)
UnityEngine.EventSystems.EventSystem:Update()

2021-04-18 17:07:15,319 [ 1] INFO  Unity: SetupUserInfo()->User.userInfo
2021-04-18 17:07:15,326 [ 1] INFO  Unity: LoadLevel: CharSelect
2021-04-18 17:07:15,750 [ 1] INFO  Unity: LevelLoadCompleted:1
2021-04-18 17:07:15,759 [ 1] ERROR Unity: Character Selected:Name:fs2,Lv:0,Class:Wizard
UnityEngine.Debug:LogErrorFormat(String, Object[])
UICharacterSelect:OnSelectCharacter(Int32, GameObject) (at Assets/Scripts/UI/UICharacterSelect.cs:174)
UICharacterSelect:InitCharacterSelect(Boolean) (at Assets/Scripts/UI/UICharacterSelect.cs:62)
UICharacterSelect:Start() (at Assets/Scripts/UI/UICharacterSelect.cs:292)

2021-04-18 17:07:18,712 [ 1] INFO  Unity: CharPlay::ID :1 Name:fs2  Claa:Wizard
2021-04-18 17:07:18,772 [ 1] INFO  Unity: 正在进入游戏
2021-04-18 17:07:18,776 [ 1] INFO  Unity: ItemManager:Init[Id:1,Count:20]
2021-04-18 17:07:18,777 [ 1] INFO  Unity: ItemManager:Init[Id:2,Count:20]
2021-04-18 17:07:18,778 [ 1] INFO  Unity: ItemManager:Init[Id:2001,Count:2]
2021-04-18 17:07:18,779 [ 1] INFO  Unity: ItemManager:Init[Id:1001,Count:1]
2021-04-18 17:07:18,791 [ 1] ERROR Unity: Respon.Char Num is:1
UnityEngine.Debug:LogError(Object)
Services.MapService:OnMapCharEnter(Object, MapCharacterEnterResponse) (at Assets/Scripts/Services/MapService.cs:44)
Network.MessageDistributer`1:RaiseEvent(Object, MapCharacterEnterResponse) (at D:/Projects/ExtremeWorld/m_mmorpg/Src/Lib/Common/Network/MessageDistributer.cs:105)
Network.MessageDispatch`1:Dispatch(Object, NetMessageResponse) (at D:/Projects/ExtremeWorld/m_mmorpg/Src/Lib/Common/Network/MessageDispatch.cs:16)
Network.MessageDistributer`1:Distribute() (at D:/Projects/ExtremeWorld/m_mmorpg/Src/Lib/Common/Network/MessageDistributer.cs:148)
Network.NetClient:ProceeMessage() (at Assets/Scripts/Network/NetClient.cs:423)
Network.NetClient:Update() (at Assets/Scripts/Network/NetClient.cs:441)

2021-04-18 17:07:18,793 [ 1] ERROR Unity: 角色正在加入...
UnityEngine.Debug:LogError(Object)
Services.MapService:OnMapCharEnter(Object, MapCharacterEnterResponse) (at Assets/Scripts/Services/MapService.cs:52)
Network.MessageDistributer`1:RaiseEvent(Object, MapCharacterEnterResponse) (at D:/Projects/ExtremeWorld/m_mmorpg/Src/Lib/Common/Network/MessageDistributer.cs:105)
Network.MessageDispatch`1:Dispatch(Object, NetMessageResponse) (at D:/Projects/ExtremeWorld/m_mmorpg/Src/Lib/Common/Network/MessageDispatch.cs:16)
Network.MessageDistributer`1:Distribute() (at D:/Projects/ExtremeWorld/m_mmorpg/Src/Lib/Common/Network/MessageDistributer.cs:148)
Network.NetClient:ProceeMessage() (at Assets/Scripts/Network/NetClient.cs:423)
Network.NetClient:Update() (at Assets/Scripts/Network/NetClient.cs:441)

2021-04-18 17:07:18,798 [ 1] INFO  Unity: Add new Char to CharManager-Chars
2021-04-18 17:07:18,799 [ 1] INFO  Unity: OnCharEnter is False
2021-04-18 17:07:18,800 [ 1] ERROR Unity: CharacterManager Chars Num is1
UnityEngine.Debug:LogError(Object)
Managers.CharacterManager:AddChar(NCharacterInfo) (at Assets/Scripts/Managers/CharacterManager.cs:55)
Services.MapService:OnMapCharEnter(Object, MapCharacterEnterResponse) (at Assets/Scripts/Services/MapService.cs:53)
Network.MessageDistributer`1:RaiseEvent(Object, MapCharacterEnterResponse) (at D:/Projects/ExtremeWorld/m_mmorpg/Src/Lib/Common/Network/MessageDistributer.cs:105)
Network.MessageDispatch`1:Dispatch(Object, NetMessageResponse) (at D:/Projects/ExtremeWorld/m_mmorpg/Src/Lib/Common/Network/MessageDispatch.cs:16)
Network.MessageDistributer`1:Distribute() (at D:/Projects/ExtremeWorld/m_mmorpg/Src/Lib/Common/Network/MessageDistributer.cs:148)
Network.NetClient:ProceeMessage() (at Assets/Scripts/Network/NetClient.cs:423)
Network.NetClient:Update() (at Assets/Scripts/Network/NetClient.cs:441)

2021-04-18 17:07:18,802 [ 1] INFO  Unity: 正在切换地图...
2021-04-18 17:07:18,803 [ 1] INFO  Unity: LoadLevel: MainCity
2021-04-18 17:07:19,813 [ 1] WARN  Unity: No mesh data available for mesh Sphere001 on particle system fx_portal. Make sure Read/Write Enabled is set in the importer to work on the particle system renderer

2021-04-18 17:07:19,813 [ 1] WARN  Unity: No mesh data available for mesh Sphere001 on particle system fx_portal. Make sure Read/Write Enabled is set in the importer to work on the particle system renderer

2021-04-18 17:07:19,940 [ 1] WARN  Unity: UIWorldElementManager:[-192698] Awake
UnityEngine.Debug:LogWarningFormat(String, Object[])
MonoSingleton`1:Awake() (at Assets/Scripts/Utilities/MonoSingleton.cs:23)

2021-04-18 17:07:19,942 [ 1] WARN  Unity: UIMain:[-190356] Awake
UnityEngine.Debug:LogWarningFormat(String, Object[])
MonoSingleton`1:Awake() (at Assets/Scripts/Utilities/MonoSingleton.cs:23)

2021-04-18 17:07:19,943 [ 1] WARN  Unity: MainPlayerCamera:[-189146] Awake
UnityEngine.Debug:LogWarningFormat(String, Object[])
MonoSingleton`1:Awake() (at Assets/Scripts/Utilities/MonoSingleton.cs:23)

2021-04-18 17:07:19,944 [ 1] WARN  Unity: Managers.GameObjectManager:[-188346] Awake
UnityEngine.Debug:LogWarningFormat(String, Object[])
MonoSingleton`1:Awake() (at Assets/Scripts/Utilities/MonoSingleton.cs:23)

2021-04-18 17:07:19,945 [ 1] ERROR Unity: IEnumerator InitGameObjects() Start!
UnityEngine.Debug:LogError(Object)
Managers.<InitGameObjects>c__Iterator0:MoveNext() (at Assets/Scripts/Managers/GameObjectManager.cs:39)
UnityEngine.MonoBehaviour:StartCoroutine(IEnumerator)
Managers.GameObjectManager:OnStart() (at Assets/Scripts/Managers/GameObjectManager.cs:23)
MonoSingleton`1:Awake() (at Assets/Scripts/Utilities/MonoSingleton.cs:34)

2021-04-18 17:07:19,947 [ 1] INFO  Unity: 成功读取模型地址：Tid:[2]--Character/Wizard
2021-04-18 17:07:19,951 [ 1] INFO  Unity: 新对象已创建：fs2
2021-04-18 17:07:19,952 [ 1] INFO  Unity: EntityController 初始化完毕
2021-04-18 17:07:19,953 [ 1] INFO  Unity: Camera Ready!
2021-04-18 17:07:19,954 [ 1] INFO  Unity: PlayerInputController 初始化完毕
2021-04-18 17:07:19,955 [ 1] ERROR Unity: CharacterManager.Instance.OnCharEnter 已注册 
UnityEngine.Debug:LogError(Object)
Managers.GameObjectManager:OnStart() (at Assets/Scripts/Managers/GameObjectManager.cs:26)
MonoSingleton`1:Awake() (at Assets/Scripts/Utilities/MonoSingleton.cs:34)

2021-04-18 17:07:19,955 [ 1] WARN  Unity: SpriteManager:[53190] Awake
UnityEngine.Debug:LogWarningFormat(String, Object[])
MonoSingleton`1:Awake() (at Assets/Scripts/Utilities/MonoSingleton.cs:23)

2021-04-18 17:07:20,006 [ 1] INFO  Unity: LevelLoadCompleted:1
2021-04-18 17:07:20,012 [ 1] WARN  Unity: UIMinimap Start-190346
UnityEngine.Debug:LogWarning(Object)
UIMiniMap:Start() (at Assets/Scripts/UI/MiniMap/UIMiniMap.cs:23)

2021-04-18 17:07:20,013 [ 1] ERROR Unity: 已获取地图[1]城镇
UnityEngine.Debug:LogError(Object)
Managers.MinimapManager:LoadMiniMap() (at Assets/Scripts/Managers/MinimapManager.cs:49)
UIMiniMap:UpdateMap() (at Assets/Scripts/UI/MiniMap/UIMiniMap.cs:34)
UIMiniMap:Start() (at Assets/Scripts/UI/MiniMap/UIMiniMap.cs:25)

2021-04-18 17:07:21,567 [ 1] INFO  Unity: SetDirection:(98, 19, 0)
2021-04-18 17:07:21,569 [ 1] INFO  Unity: MapEntityUpdateRequest:ID:10,POS:SkillBridge.Message.NVector3,DIR:SkillBridge.Message.NVector3,SPD:0
2021-04-18 17:07:21,731 [ 1] INFO  Unity: SetDirection:(93, 36, 0)
2021-04-18 17:07:21,731 [ 1] INFO  Unity: MapEntityUpdateRequest:ID:10,POS:SkillBridge.Message.NVector3,DIR:SkillBridge.Message.NVector3,SPD:0
2021-04-18 17:07:21,919 [ 1] INFO  Unity: MoveBack
2021-04-18 17:07:21,920 [ 1] INFO  Unity: MapEntityUpdateRequest:ID:10,POS:SkillBridge.Message.NVector3,DIR:SkillBridge.Message.NVector3,SPD:-300
2021-04-18 17:07:22,168 [ 1] INFO  Unity: SetDirection:(85, 52, 0)
2021-04-18 17:07:22,169 [ 1] INFO  Unity: MapEntityUpdateRequest:ID:10,POS:SkillBridge.Message.NVector3,DIR:SkillBridge.Message.NVector3,SPD:-300
2021-04-18 17:07:22,329 [ 1] INFO  Unity: SetDirection:(75, 66, 0)
2021-04-18 17:07:22,329 [ 1] INFO  Unity: MapEntityUpdateRequest:ID:10,POS:SkillBridge.Message.NVector3,DIR:SkillBridge.Message.NVector3,SPD:-300
2021-04-18 17:07:22,584 [ 1] INFO  Unity: Stop
2021-04-18 17:07:22,585 [ 1] INFO  Unity: MapEntityUpdateRequest:ID:10,POS:SkillBridge.Message.NVector3,DIR:SkillBridge.Message.NVector3,SPD:0
2021-04-18 17:07:22,717 [ 1] INFO  Unity: MoveForward
2021-04-18 17:07:22,718 [ 1] INFO  Unity: MapEntityUpdateRequest:ID:10,POS:SkillBridge.Message.NVector3,DIR:SkillBridge.Message.NVector3,SPD:300
2021-04-18 17:07:23,066 [ 1] INFO  Unity: SetDirection:(62, 78, 0)
2021-04-18 17:07:23,066 [ 1] INFO  Unity: MapEntityUpdateRequest:ID:10,POS:SkillBridge.Message.NVector3,DIR:SkillBridge.Message.NVector3,SPD:300
2021-04-18 17:07:23,347 [ 1] INFO  Unity: Stop
2021-04-18 17:07:23,348 [ 1] INFO  Unity: MapEntityUpdateRequest:ID:10,POS:SkillBridge.Message.NVector3,DIR:SkillBridge.Message.NVector3,SPD:0
2021-04-18 17:07:23,922 [ 1] INFO  Unity: MoveBack
2021-04-18 17:07:23,923 [ 1] INFO  Unity: MapEntityUpdateRequest:ID:10,POS:SkillBridge.Message.NVector3,DIR:SkillBridge.Message.NVector3,SPD:-300
2021-04-18 17:07:24,671 [ 1] INFO  Unity: Stop
2021-04-18 17:07:24,672 [ 1] INFO  Unity: MapEntityUpdateRequest:ID:10,POS:SkillBridge.Message.NVector3,DIR:SkillBridge.Message.NVector3,SPD:0
2021-04-18 17:07:25,040 [ 1] INFO  Unity: MoveForward
2021-04-18 17:07:25,040 [ 1] INFO  Unity: MapEntityUpdateRequest:ID:10,POS:SkillBridge.Message.NVector3,DIR:SkillBridge.Message.NVector3,SPD:300
2021-04-18 17:07:25,184 [ 1] INFO  Unity: SetDirection:(47, 88, 0)
2021-04-18 17:07:25,184 [ 1] INFO  Unity: MapEntityUpdateRequest:ID:10,POS:SkillBridge.Message.NVector3,DIR:SkillBridge.Message.NVector3,SPD:300
2021-04-18 17:07:25,553 [ 1] INFO  Unity: Stop
2021-04-18 17:07:25,554 [ 1] INFO  Unity: MapEntityUpdateRequest:ID:10,POS:SkillBridge.Message.NVector3,DIR:SkillBridge.Message.NVector3,SPD:0
2021-04-18 17:07:26,495 [ 1] INFO  Unity: MoveForward
2021-04-18 17:07:26,496 [ 1] INFO  Unity: MapEntityUpdateRequest:ID:10,POS:SkillBridge.Message.NVector3,DIR:SkillBridge.Message.NVector3,SPD:300
2021-04-18 17:07:26,587 [ 1] INFO  Unity: SetPosition:(4979, 5568, 805)
2021-04-18 17:07:26,588 [ 1] INFO  Unity: MapEntityUpdateRequest:ID:10,POS:SkillBridge.Message.NVector3,DIR:SkillBridge.Message.NVector3,SPD:300
2021-04-18 17:07:26,686 [ 1] INFO  Unity: SetDirection:(31, 95, 0)
2021-04-18 17:07:26,687 [ 1] INFO  Unity: MapEntityUpdateRequest:ID:10,POS:SkillBridge.Message.NVector3,DIR:SkillBridge.Message.NVector3,SPD:300
2021-04-18 17:07:27,139 [ 1] INFO  Unity: Stop
2021-04-18 17:07:27,141 [ 1] INFO  Unity: MapEntityUpdateRequest:ID:10,POS:SkillBridge.Message.NVector3,DIR:SkillBridge.Message.NVector3,SPD:0
2021-04-18 17:08:27,115 [ 1] INFO  Unity: SetDirection:(48, 88, 0)
2021-04-18 17:08:27,116 [ 1] INFO  Unity: MapEntityUpdateRequest:ID:10,POS:SkillBridge.Message.NVector3,DIR:SkillBridge.Message.NVector3,SPD:0
2021-04-18 17:08:27,216 [ 1] INFO  Unity: SetDirection:(64, 77, 0)
2021-04-18 17:08:27,217 [ 1] INFO  Unity: MapEntityUpdateRequest:ID:10,POS:SkillBridge.Message.NVector3,DIR:SkillBridge.Message.NVector3,SPD:0
2021-04-18 17:08:27,298 [ 1] INFO  Unity: SetDirection:(77, 64, 0)
2021-04-18 17:08:27,299 [ 1] INFO  Unity: MapEntityUpdateRequest:ID:10,POS:SkillBridge.Message.NVector3,DIR:SkillBridge.Message.NVector3,SPD:0
2021-04-18 17:08:27,403 [ 1] INFO  Unity: SetDirection:(88, 47, 0)
2021-04-18 17:08:27,404 [ 1] INFO  Unity: MapEntityUpdateRequest:ID:10,POS:SkillBridge.Message.NVector3,DIR:SkillBridge.Message.NVector3,SPD:0
2021-04-18 17:08:27,514 [ 1] INFO  Unity: SetDirection:(95, 31, 0)
2021-04-18 17:08:27,515 [ 1] INFO  Unity: MapEntityUpdateRequest:ID:10,POS:SkillBridge.Message.NVector3,DIR:SkillBridge.Message.NVector3,SPD:0
2021-04-18 17:08:29,335 [ 1] INFO  Unity: MoveBack
2021-04-18 17:08:29,336 [ 1] INFO  Unity: MapEntityUpdateRequest:ID:10,POS:SkillBridge.Message.NVector3,DIR:SkillBridge.Message.NVector3,SPD:-300
2021-04-18 17:08:29,616 [ 1] INFO  Unity: Stop
2021-04-18 17:08:29,617 [ 1] INFO  Unity: MapEntityUpdateRequest:ID:10,POS:SkillBridge.Message.NVector3,DIR:SkillBridge.Message.NVector3,SPD:0
2021-04-18 17:08:30,454 [ 1] INFO  Unity: SetDirection:(87, 49, 0)
2021-04-18 17:08:30,455 [ 1] INFO  Unity: MapEntityUpdateRequest:ID:10,POS:SkillBridge.Message.NVector3,DIR:SkillBridge.Message.NVector3,SPD:0
2021-04-18 17:08:30,555 [ 1] INFO  Unity: SetDirection:(75, 66, 0)
2021-04-18 17:08:30,556 [ 1] INFO  Unity: MapEntityUpdateRequest:ID:10,POS:SkillBridge.Message.NVector3,DIR:SkillBridge.Message.NVector3,SPD:0
2021-04-18 17:08:30,671 [ 1] INFO  Unity: SetDirection:(60, 80, 0)
2021-04-18 17:08:30,671 [ 1] INFO  Unity: MapEntityUpdateRequest:ID:10,POS:SkillBridge.Message.NVector3,DIR:SkillBridge.Message.NVector3,SPD:0
2021-04-18 17:08:30,755 [ 1] INFO  Unity: SetDirection:(42, 91, 0)
2021-04-18 17:08:30,756 [ 1] INFO  Unity: MapEntityUpdateRequest:ID:10,POS:SkillBridge.Message.NVector3,DIR:SkillBridge.Message.NVector3,SPD:0
2021-04-18 17:08:30,854 [ 1] INFO  Unity: SetDirection:(22, 97, 0)
2021-04-18 17:08:30,855 [ 1] INFO  Unity: MapEntityUpdateRequest:ID:10,POS:SkillBridge.Message.NVector3,DIR:SkillBridge.Message.NVector3,SPD:0
2021-04-18 17:08:30,955 [ 1] INFO  Unity: SetDirection:(2, 100, 0)
2021-04-18 17:08:30,956 [ 1] INFO  Unity: MapEntityUpdateRequest:ID:10,POS:SkillBridge.Message.NVector3,DIR:SkillBridge.Message.NVector3,SPD:0
2021-04-18 17:08:31,066 [ 1] INFO  Unity: SetDirection:(-16, 99, 0)
2021-04-18 17:08:31,067 [ 1] INFO  Unity: MapEntityUpdateRequest:ID:10,POS:SkillBridge.Message.NVector3,DIR:SkillBridge.Message.NVector3,SPD:0
2021-04-18 17:08:31,140 [ 1] INFO  Unity: SetDirection:(-36, 93, 0)
2021-04-18 17:08:31,141 [ 1] INFO  Unity: MapEntityUpdateRequest:ID:10,POS:SkillBridge.Message.NVector3,DIR:SkillBridge.Message.NVector3,SPD:0
2021-04-18 17:08:31,268 [ 1] INFO  Unity: SetDirection:(-54, 84, 0)
2021-04-18 17:08:31,269 [ 1] INFO  Unity: MapEntityUpdateRequest:ID:10,POS:SkillBridge.Message.NVector3,DIR:SkillBridge.Message.NVector3,SPD:0
2021-04-18 17:08:31,321 [ 1] INFO  Unity: SetDirection:(-68, 73, 0)
2021-04-18 17:08:31,322 [ 1] INFO  Unity: MapEntityUpdateRequest:ID:10,POS:SkillBridge.Message.NVector3,DIR:SkillBridge.Message.NVector3,SPD:0
2021-04-18 17:08:31,405 [ 1] INFO  Unity: SetDirection:(-80, 60, 0)
2021-04-18 17:08:31,406 [ 1] INFO  Unity: MapEntityUpdateRequest:ID:10,POS:SkillBridge.Message.NVector3,DIR:SkillBridge.Message.NVector3,SPD:0
2021-04-18 17:08:31,552 [ 1] INFO  Unity: SetDirection:(-89, 45, 0)
2021-04-18 17:08:31,552 [ 1] INFO  Unity: MapEntityUpdateRequest:ID:10,POS:SkillBridge.Message.NVector3,DIR:SkillBridge.Message.NVector3,SPD:0
2021-04-18 17:08:32,518 [ 1] INFO  Unity: SetDirection:(-80, 60, 0)
2021-04-18 17:08:32,519 [ 1] INFO  Unity: MapEntityUpdateRequest:ID:10,POS:SkillBridge.Message.NVector3,DIR:SkillBridge.Message.NVector3,SPD:0
2021-04-18 17:08:32,619 [ 1] INFO  Unity: SetDirection:(-67, 74, 0)
2021-04-18 17:08:32,620 [ 1] INFO  Unity: MapEntityUpdateRequest:ID:10,POS:SkillBridge.Message.NVector3,DIR:SkillBridge.Message.NVector3,SPD:0
2021-04-18 17:08:32,720 [ 1] INFO  Unity: SetDirection:(-50, 86, 0)
2021-04-18 17:08:32,721 [ 1] INFO  Unity: MapEntityUpdateRequest:ID:10,POS:SkillBridge.Message.NVector3,DIR:SkillBridge.Message.NVector3,SPD:0
2021-04-18 17:08:32,823 [ 1] INFO  Unity: SetDirection:(-31, 95, 0)
2021-04-18 17:08:32,824 [ 1] INFO  Unity: MapEntityUpdateRequest:ID:10,POS:SkillBridge.Message.NVector3,DIR:SkillBridge.Message.NVector3,SPD:0
2021-04-18 17:08:32,908 [ 1] INFO  Unity: SetDirection:(-11, 99, 0)
2021-04-18 17:08:32,909 [ 1] INFO  Unity: MapEntityUpdateRequest:ID:10,POS:SkillBridge.Message.NVector3,DIR:SkillBridge.Message.NVector3,SPD:0
2021-04-18 17:08:33,006 [ 1] INFO  Unity: SetDirection:(7, 100, 0)
2021-04-18 17:08:33,007 [ 1] INFO  Unity: MapEntityUpdateRequest:ID:10,POS:SkillBridge.Message.NVector3,DIR:SkillBridge.Message.NVector3,SPD:0
2021-04-18 17:08:33,091 [ 1] INFO  Unity: SetDirection:(27, 96, 0)
2021-04-18 17:08:33,092 [ 1] INFO  Unity: MapEntityUpdateRequest:ID:10,POS:SkillBridge.Message.NVector3,DIR:SkillBridge.Message.NVector3,SPD:0
2021-04-18 17:08:33,218 [ 1] INFO  Unity: SetDirection:(45, 89, 0)
2021-04-18 17:08:33,218 [ 1] INFO  Unity: MapEntityUpdateRequest:ID:10,POS:SkillBridge.Message.NVector3,DIR:SkillBridge.Message.NVector3,SPD:0
2021-04-18 17:08:33,356 [ 1] INFO  Unity: SetDirection:(60, 80, 0)
2021-04-18 17:08:33,357 [ 1] INFO  Unity: MapEntityUpdateRequest:ID:10,POS:SkillBridge.Message.NVector3,DIR:SkillBridge.Message.NVector3,SPD:0
2021-04-18 17:08:33,626 [ 1] INFO  Unity: MoveForward
2021-04-18 17:08:33,627 [ 1] INFO  Unity: MapEntityUpdateRequest:ID:10,POS:SkillBridge.Message.NVector3,DIR:SkillBridge.Message.NVector3,SPD:300
2021-04-18 17:08:33,819 [ 1] INFO  Unity: Stop
2021-04-18 17:08:33,820 [ 1] INFO  Unity: MapEntityUpdateRequest:ID:10,POS:SkillBridge.Message.NVector3,DIR:SkillBridge.Message.NVector3,SPD:0
2021-04-18 17:09:20,991 [ 1] INFO  Unity: MoveForward
2021-04-18 17:09:20,991 [ 1] INFO  Unity: MapEntityUpdateRequest:ID:10,POS:SkillBridge.Message.NVector3,DIR:SkillBridge.Message.NVector3,SPD:300
2021-04-18 17:09:21,269 [ 1] INFO  Unity: Stop
2021-04-18 17:09:21,270 [ 1] INFO  Unity: MapEntityUpdateRequest:ID:10,POS:SkillBridge.Message.NVector3,DIR:SkillBridge.Message.NVector3,SPD:0
2021-04-18 17:09:21,908 [ 1] INFO  Unity: MoveBack
2021-04-18 17:09:21,909 [ 1] INFO  Unity: MapEntityUpdateRequest:ID:10,POS:SkillBridge.Message.NVector3,DIR:SkillBridge.Message.NVector3,SPD:-300
2021-04-18 17:09:22,152 [ 1] INFO  Unity: Stop
2021-04-18 17:09:22,153 [ 1] INFO  Unity: MapEntityUpdateRequest:ID:10,POS:SkillBridge.Message.NVector3,DIR:SkillBridge.Message.NVector3,SPD:0
2021-04-18 17:09:22,929 [ 1] INFO  Unity: ---> DoFunctionInteractive(NpcDefine)
2021-04-18 17:10:08,300 [ 1] INFO  Unity: SetDirection:(74, 67, 0)
2021-04-18 17:10:08,301 [ 1] INFO  Unity: MapEntityUpdateRequest:ID:10,POS:SkillBridge.Message.NVector3,DIR:SkillBridge.Message.NVector3,SPD:0
2021-04-18 17:10:08,435 [ 1] INFO  Unity: SetDirection:(86, 51, 0)
2021-04-18 17:10:08,435 [ 1] INFO  Unity: MapEntityUpdateRequest:ID:10,POS:SkillBridge.Message.NVector3,DIR:SkillBridge.Message.NVector3,SPD:0
2021-04-18 17:10:08,535 [ 1] INFO  Unity: MoveForward
2021-04-18 17:10:08,535 [ 1] INFO  Unity: MapEntityUpdateRequest:ID:10,POS:SkillBridge.Message.NVector3,DIR:SkillBridge.Message.NVector3,SPD:300
2021-04-18 17:10:08,536 [ 1] INFO  Unity: SetDirection:(95, 32, 0)
2021-04-18 17:10:08,537 [ 1] INFO  Unity: MapEntityUpdateRequest:ID:10,POS:SkillBridge.Message.NVector3,DIR:SkillBridge.Message.NVector3,SPD:300
2021-04-18 17:10:08,632 [ 1] INFO  Unity: SetDirection:(99, 12, 0)
2021-04-18 17:10:08,633 [ 1] INFO  Unity: MapEntityUpdateRequest:ID:10,POS:SkillBridge.Message.NVector3,DIR:SkillBridge.Message.NVector3,SPD:300
2021-04-18 17:10:08,717 [ 1] INFO  Unity: SetDirection:(100, -6, 0)
2021-04-18 17:10:08,717 [ 1] INFO  Unity: MapEntityUpdateRequest:ID:10,POS:SkillBridge.Message.NVector3,DIR:SkillBridge.Message.NVector3,SPD:300
2021-04-18 17:10:08,818 [ 1] INFO  Unity: SetDirection:(97, -26, 0)
2021-04-18 17:10:08,819 [ 1] INFO  Unity: MapEntityUpdateRequest:ID:10,POS:SkillBridge.Message.NVector3,DIR:SkillBridge.Message.NVector3,SPD:300
2021-04-18 17:10:08,896 [ 1] INFO  Unity: SetDirection:(90, -43, 0)
2021-04-18 17:10:08,896 [ 1] INFO  Unity: MapEntityUpdateRequest:ID:10,POS:SkillBridge.Message.NVector3,DIR:SkillBridge.Message.NVector3,SPD:300
2021-04-18 17:10:08,999 [ 1] INFO  Unity: SetDirection:(80, -60, 0)
2021-04-18 17:10:09,000 [ 1] INFO  Unity: MapEntityUpdateRequest:ID:10,POS:SkillBridge.Message.NVector3,DIR:SkillBridge.Message.NVector3,SPD:300
2021-04-18 17:10:09,118 [ 1] INFO  Unity: SetDirection:(68, -73, 0)
2021-04-18 17:10:09,119 [ 1] INFO  Unity: MapEntityUpdateRequest:ID:10,POS:SkillBridge.Message.NVector3,DIR:SkillBridge.Message.NVector3,SPD:300
2021-04-18 17:10:09,267 [ 1] INFO  Unity: SetDirection:(54, -84, 0)
2021-04-18 17:10:09,267 [ 1] INFO  Unity: MapEntityUpdateRequest:ID:10,POS:SkillBridge.Message.NVector3,DIR:SkillBridge.Message.NVector3,SPD:300
2021-04-18 17:10:09,967 [ 1] INFO  Unity: SetDirection:(37, -93, 0)
2021-04-18 17:10:09,968 [ 1] INFO  Unity: MapEntityUpdateRequest:ID:10,POS:SkillBridge.Message.NVector3,DIR:SkillBridge.Message.NVector3,SPD:300
2021-04-18 17:10:10,198 [ 1] INFO  Unity: SetDirection:(20, -98, 0)
2021-04-18 17:10:10,199 [ 1] INFO  Unity: MapEntityUpdateRequest:ID:10,POS:SkillBridge.Message.NVector3,DIR:SkillBridge.Message.NVector3,SPD:300
2021-04-18 17:10:10,888 [ 1] INFO  Unity: SetDirection:(2, -100, 0)
2021-04-18 17:10:10,889 [ 1] INFO  Unity: MapEntityUpdateRequest:ID:10,POS:SkillBridge.Message.NVector3,DIR:SkillBridge.Message.NVector3,SPD:300
2021-04-18 17:10:11,622 [ 1] INFO  Unity: SetDirection:(-16, -99, 0)
2021-04-18 17:10:11,623 [ 1] INFO  Unity: MapEntityUpdateRequest:ID:10,POS:SkillBridge.Message.NVector3,DIR:SkillBridge.Message.NVector3,SPD:300
2021-04-18 17:10:12,570 [ 1] INFO  Unity: SetDirection:(-34, -94, 0)
2021-04-18 17:10:12,571 [ 1] INFO  Unity: MapEntityUpdateRequest:ID:10,POS:SkillBridge.Message.NVector3,DIR:SkillBridge.Message.NVector3,SPD:300
2021-04-18 17:10:14,113 [ 1] INFO  Unity: SetPosition:(5182, 4314, 805)
2021-04-18 17:10:14,123 [ 1] INFO  Unity: MapEntityUpdateRequest:ID:10,POS:SkillBridge.Message.NVector3,DIR:SkillBridge.Message.NVector3,SPD:300
2021-04-18 17:10:14,438 [ 1] INFO  Unity: SetDirection:(-50, -87, 0)
2021-04-18 17:10:14,439 [ 1] INFO  Unity: MapEntityUpdateRequest:ID:10,POS:SkillBridge.Message.NVector3,DIR:SkillBridge.Message.NVector3,SPD:300
2021-04-18 17:10:15,360 [ 1] INFO  Unity: SetDirection:(-65, -76, 0)
2021-04-18 17:10:15,360 [ 1] INFO  Unity: MapEntityUpdateRequest:ID:10,POS:SkillBridge.Message.NVector3,DIR:SkillBridge.Message.NVector3,SPD:300
2021-04-18 17:10:17,692 [ 1] INFO  Unity: SetDirection:(-78, -63, 0)
2021-04-18 17:10:17,693 [ 1] INFO  Unity: MapEntityUpdateRequest:ID:10,POS:SkillBridge.Message.NVector3,DIR:SkillBridge.Message.NVector3,SPD:300
2021-04-18 17:10:19,273 [ 1] INFO  Unity: SetDirection:(-88, -48, 0)
2021-04-18 17:10:19,274 [ 1] INFO  Unity: MapEntityUpdateRequest:ID:10,POS:SkillBridge.Message.NVector3,DIR:SkillBridge.Message.NVector3,SPD:300
2021-04-18 17:10:19,426 [ 1] INFO  Unity: SetDirection:(-96, -29, 0)
2021-04-18 17:10:19,426 [ 1] INFO  Unity: MapEntityUpdateRequest:ID:10,POS:SkillBridge.Message.NVector3,DIR:SkillBridge.Message.NVector3,SPD:300
2021-04-18 17:10:19,540 [ 1] INFO  Unity: SetDirection:(-99, -10, 0)
2021-04-18 17:10:19,540 [ 1] INFO  Unity: MapEntityUpdateRequest:ID:10,POS:SkillBridge.Message.NVector3,DIR:SkillBridge.Message.NVector3,SPD:300
2021-04-18 17:10:21,613 [ 1] INFO  Unity: SetPosition:(3497, 3059, 805)
2021-04-18 17:10:21,614 [ 1] INFO  Unity: MapEntityUpdateRequest:ID:10,POS:SkillBridge.Message.NVector3,DIR:SkillBridge.Message.NVector3,SPD:300
2021-04-18 17:10:23,298 [ 1] INFO  Unity: SetPosition:(2996, 3008, 805)
2021-04-18 17:10:23,299 [ 1] INFO  Unity: MapEntityUpdateRequest:ID:10,POS:SkillBridge.Message.NVector3,DIR:SkillBridge.Message.NVector3,SPD:300
2021-04-18 17:10:23,632 [ 1] INFO  Unity: SetDirection:(-96, -29, 0)
2021-04-18 17:10:23,633 [ 1] INFO  Unity: MapEntityUpdateRequest:ID:10,POS:SkillBridge.Message.NVector3,DIR:SkillBridge.Message.NVector3,SPD:300
2021-04-18 17:10:23,797 [ 1] INFO  Unity: SetDirection:(-89, -46, 0)
2021-04-18 17:10:23,798 [ 1] INFO  Unity: MapEntityUpdateRequest:ID:10,POS:SkillBridge.Message.NVector3,DIR:SkillBridge.Message.NVector3,SPD:300
2021-04-18 17:10:24,848 [ 1] INFO  Unity: SetDirection:(-96, -29, 0)
2021-04-18 17:10:24,849 [ 1] INFO  Unity: MapEntityUpdateRequest:ID:10,POS:SkillBridge.Message.NVector3,DIR:SkillBridge.Message.NVector3,SPD:300
2021-04-18 17:10:26,130 [ 1] INFO  Unity: SetPosition:(2197, 2726, 805)
2021-04-18 17:10:26,130 [ 1] INFO  Unity: MapEntityUpdateRequest:ID:10,POS:SkillBridge.Message.NVector3,DIR:SkillBridge.Message.NVector3,SPD:300
2021-04-18 17:10:26,834 [ 1] INFO  Unity: SetDirection:(-99, -11, 0)
2021-04-18 17:10:26,835 [ 1] INFO  Unity: MapEntityUpdateRequest:ID:10,POS:SkillBridge.Message.NVector3,DIR:SkillBridge.Message.NVector3,SPD:300
2021-04-18 17:10:27,454 [ 1] INFO  Unity: SetDirection:(-100, 8, 0)
2021-04-18 17:10:27,454 [ 1] INFO  Unity: MapEntityUpdateRequest:ID:10,POS:SkillBridge.Message.NVector3,DIR:SkillBridge.Message.NVector3,SPD:300
2021-04-18 17:10:27,604 [ 1] ERROR Unity: 角色进入传送点:[3]
UnityEngine.Debug:LogError(Object)
TeleporterObject:OnTriggerEnter(Collider) (at Assets/Scripts/GameObject/TeleporterObject.cs:25)

2021-04-18 17:10:27,605 [ 1] INFO  Unity: TeleporterObject:Character [fs2] Enter Teleporter [3:主城传入点1]
2021-04-18 17:10:29,657 [ 1] INFO  Unity: SetPosition:(1150, 2698, 805)
2021-04-18 17:10:29,658 [ 1] INFO  Unity: MapEntityUpdateRequest:ID:10,POS:SkillBridge.Message.NVector3,DIR:SkillBridge.Message.NVector3,SPD:300
2021-04-18 17:10:30,207 [ 1] INFO  Unity: Stop
2021-04-18 17:10:30,207 [ 1] INFO  Unity: MapEntityUpdateRequest:ID:10,POS:SkillBridge.Message.NVector3,DIR:SkillBridge.Message.NVector3,SPD:0
2021-04-18 17:11:18,087 [ 1] INFO  Unity: SetDirection:(-97, 26, 0)
2021-04-18 17:11:18,088 [ 1] INFO  Unity: MapEntityUpdateRequest:ID:10,POS:SkillBridge.Message.NVector3,DIR:SkillBridge.Message.NVector3,SPD:0
2021-04-18 17:11:18,232 [ 1] INFO  Unity: SetDirection:(-90, 44, 0)
2021-04-18 17:11:18,233 [ 1] INFO  Unity: MapEntityUpdateRequest:ID:10,POS:SkillBridge.Message.NVector3,DIR:SkillBridge.Message.NVector3,SPD:0
2021-04-18 17:11:18,320 [ 1] INFO  Unity: SetDirection:(-79, 61, 0)
2021-04-18 17:11:18,321 [ 1] INFO  Unity: MapEntityUpdateRequest:ID:10,POS:SkillBridge.Message.NVector3,DIR:SkillBridge.Message.NVector3,SPD:0
2021-04-18 17:11:18,431 [ 1] INFO  Unity: SetDirection:(-65, 76, 0)
2021-04-18 17:11:18,432 [ 1] INFO  Unity: MapEntityUpdateRequest:ID:10,POS:SkillBridge.Message.NVector3,DIR:SkillBridge.Message.NVector3,SPD:0
2021-04-18 17:11:18,524 [ 1] INFO  Unity: SetDirection:(-48, 88, 0)
2021-04-18 17:11:18,525 [ 1] INFO  Unity: MapEntityUpdateRequest:ID:10,POS:SkillBridge.Message.NVector3,DIR:SkillBridge.Message.NVector3,SPD:0
2021-04-18 17:11:18,637 [ 1] INFO  Unity: SetDirection:(-32, 95, 0)
2021-04-18 17:11:18,637 [ 1] INFO  Unity: MapEntityUpdateRequest:ID:10,POS:SkillBridge.Message.NVector3,DIR:SkillBridge.Message.NVector3,SPD:0
2021-04-18 17:11:18,690 [ 1] INFO  Unity: SetDirection:(-15, 99, 0)
2021-04-18 17:11:18,691 [ 1] INFO  Unity: MapEntityUpdateRequest:ID:10,POS:SkillBridge.Message.NVector3,DIR:SkillBridge.Message.NVector3,SPD:0
2021-04-18 17:11:18,789 [ 1] INFO  Unity: SetDirection:(2, 100, 0)
2021-04-18 17:11:18,790 [ 1] INFO  Unity: MapEntityUpdateRequest:ID:10,POS:SkillBridge.Message.NVector3,DIR:SkillBridge.Message.NVector3,SPD:0
2021-04-18 17:11:18,870 [ 1] INFO  Unity: SetDirection:(20, 98, 0)
2021-04-18 17:11:18,870 [ 1] INFO  Unity: MapEntityUpdateRequest:ID:10,POS:SkillBridge.Message.NVector3,DIR:SkillBridge.Message.NVector3,SPD:0
2021-04-18 17:11:18,957 [ 1] INFO  Unity: SetDirection:(40, 92, 0)
2021-04-18 17:11:18,958 [ 1] INFO  Unity: MapEntityUpdateRequest:ID:10,POS:SkillBridge.Message.NVector3,DIR:SkillBridge.Message.NVector3,SPD:0
2021-04-18 17:11:19,070 [ 1] INFO  Unity: SetDirection:(58, 81, 0)
2021-04-18 17:11:19,071 [ 1] INFO  Unity: MapEntityUpdateRequest:ID:10,POS:SkillBridge.Message.NVector3,DIR:SkillBridge.Message.NVector3,SPD:0
2021-04-18 17:11:19,158 [ 1] INFO  Unity: SetDirection:(74, 68, 0)
2021-04-18 17:11:19,159 [ 1] INFO  Unity: MapEntityUpdateRequest:ID:10,POS:SkillBridge.Message.NVector3,DIR:SkillBridge.Message.NVector3,SPD:0
2021-04-18 17:11:19,270 [ 1] INFO  Unity: SetDirection:(84, 54, 0)
2021-04-18 17:11:19,270 [ 1] INFO  Unity: MapEntityUpdateRequest:ID:10,POS:SkillBridge.Message.NVector3,DIR:SkillBridge.Message.NVector3,SPD:0
2021-04-18 17:11:19,327 [ 1] INFO  Unity: SetDirection:(92, 38, 0)
2021-04-18 17:11:19,328 [ 1] INFO  Unity: MapEntityUpdateRequest:ID:10,POS:SkillBridge.Message.NVector3,DIR:SkillBridge.Message.NVector3,SPD:0
2021-04-18 17:11:19,391 [ 1] INFO  Unity: MoveForward
2021-04-18 17:11:19,392 [ 1] INFO  Unity: MapEntityUpdateRequest:ID:10,POS:SkillBridge.Message.NVector3,DIR:SkillBridge.Message.NVector3,SPD:300
2021-04-18 17:11:19,483 [ 1] INFO  Unity: SetDirection:(98, 18, 0)
2021-04-18 17:11:19,484 [ 1] INFO  Unity: MapEntityUpdateRequest:ID:10,POS:SkillBridge.Message.NVector3,DIR:SkillBridge.Message.NVector3,SPD:300
2021-04-18 17:11:19,537 [ 1] INFO  Unity: SetDirection:(100, -2, 0)
2021-04-18 17:11:19,538 [ 1] INFO  Unity: MapEntityUpdateRequest:ID:10,POS:SkillBridge.Message.NVector3,DIR:SkillBridge.Message.NVector3,SPD:300
2021-04-18 17:11:19,604 [ 1] INFO  Unity: SetDirection:(98, -20, 0)
2021-04-18 17:11:19,604 [ 1] INFO  Unity: MapEntityUpdateRequest:ID:10,POS:SkillBridge.Message.NVector3,DIR:SkillBridge.Message.NVector3,SPD:300
2021-04-18 17:11:19,735 [ 1] INFO  Unity: SetDirection:(92, -38, 0)
2021-04-18 17:11:19,736 [ 1] INFO  Unity: MapEntityUpdateRequest:ID:10,POS:SkillBridge.Message.NVector3,DIR:SkillBridge.Message.NVector3,SPD:300
2021-04-18 17:11:20,123 [ 1] ERROR Unity: 角色进入传送点:[3]
UnityEngine.Debug:LogError(Object)
TeleporterObject:OnTriggerEnter(Collider) (at Assets/Scripts/GameObject/TeleporterObject.cs:25)

2021-04-18 17:11:20,124 [ 1] INFO  Unity: TeleporterObject:Character [fs2] Enter Teleporter [3:主城传入点1]
2021-04-18 17:11:21,513 [ 1] INFO  Unity: SetPosition:(1591, 2513, 805)
2021-04-18 17:11:21,514 [ 1] INFO  Unity: MapEntityUpdateRequest:ID:10,POS:SkillBridge.Message.NVector3,DIR:SkillBridge.Message.NVector3,SPD:300
2021-04-18 17:11:22,173 [ 1] INFO  Unity: Stop
2021-04-18 17:11:22,174 [ 1] INFO  Unity: MapEntityUpdateRequest:ID:10,POS:SkillBridge.Message.NVector3,DIR:SkillBridge.Message.NVector3,SPD:0
2021-04-18 17:11:22,175 [ 1] INFO  Unity: SetDirection:(84, -55, 0)
2021-04-18 17:11:22,175 [ 1] INFO  Unity: MapEntityUpdateRequest:ID:10,POS:SkillBridge.Message.NVector3,DIR:SkillBridge.Message.NVector3,SPD:0
2021-04-18 17:11:22,352 [ 1] INFO  Unity: SetDirection:(72, -69, 0)
2021-04-18 17:11:22,353 [ 1] INFO  Unity: MapEntityUpdateRequest:ID:10,POS:SkillBridge.Message.NVector3,DIR:SkillBridge.Message.NVector3,SPD:0
2021-04-18 17:11:22,405 [ 1] INFO  Unity: SetDirection:(56, -83, 0)
2021-04-18 17:11:22,406 [ 1] INFO  Unity: MapEntityUpdateRequest:ID:10,POS:SkillBridge.Message.NVector3,DIR:SkillBridge.Message.NVector3,SPD:0
2021-04-18 17:11:22,519 [ 1] INFO  Unity: SetDirection:(38, -92, 0)
2021-04-18 17:11:22,520 [ 1] INFO  Unity: MapEntityUpdateRequest:ID:10,POS:SkillBridge.Message.NVector3,DIR:SkillBridge.Message.NVector3,SPD:0
2021-04-18 17:11:22,577 [ 1] INFO  Unity: SetDirection:(21, -98, 0)
2021-04-18 17:11:22,578 [ 1] INFO  Unity: MapEntityUpdateRequest:ID:10,POS:SkillBridge.Message.NVector3,DIR:SkillBridge.Message.NVector3,SPD:0
2021-04-18 17:11:22,678 [ 1] INFO  Unity: SetDirection:(1, -100, 0)
2021-04-18 17:11:22,679 [ 1] INFO  Unity: MapEntityUpdateRequest:ID:10,POS:SkillBridge.Message.NVector3,DIR:SkillBridge.Message.NVector3,SPD:0
2021-04-18 17:11:22,762 [ 1] INFO  Unity: SetDirection:(-17, -99, 0)
2021-04-18 17:11:22,763 [ 1] INFO  Unity: MapEntityUpdateRequest:ID:10,POS:SkillBridge.Message.NVector3,DIR:SkillBridge.Message.NVector3,SPD:0
2021-04-18 17:11:22,863 [ 1] INFO  Unity: SetDirection:(-37, -93, 0)
2021-04-18 17:11:22,864 [ 1] INFO  Unity: MapEntityUpdateRequest:ID:10,POS:SkillBridge.Message.NVector3,DIR:SkillBridge.Message.NVector3,SPD:0
2021-04-18 17:11:22,962 [ 1] INFO  Unity: SetDirection:(-55, -83, 0)
2021-04-18 17:11:22,962 [ 1] INFO  Unity: MapEntityUpdateRequest:ID:10,POS:SkillBridge.Message.NVector3,DIR:SkillBridge.Message.NVector3,SPD:0
2021-04-18 17:11:23,045 [ 1] INFO  Unity: SetDirection:(-69, -72, 0)
2021-04-18 17:11:23,046 [ 1] INFO  Unity: MapEntityUpdateRequest:ID:10,POS:SkillBridge.Message.NVector3,DIR:SkillBridge.Message.NVector3,SPD:0
2021-04-18 17:11:23,144 [ 1] INFO  Unity: SetDirection:(-83, -56, 0)
2021-04-18 17:11:23,145 [ 1] INFO  Unity: MapEntityUpdateRequest:ID:10,POS:SkillBridge.Message.NVector3,DIR:SkillBridge.Message.NVector3,SPD:0
2021-04-18 17:11:23,246 [ 1] INFO  Unity: SetDirection:(-92, -38, 0)
2021-04-18 17:11:23,247 [ 1] INFO  Unity: MapEntityUpdateRequest:ID:10,POS:SkillBridge.Message.NVector3,DIR:SkillBridge.Message.NVector3,SPD:0
2021-04-18 17:11:23,341 [ 1] INFO  Unity: SetDirection:(-98, -21, 0)
2021-04-18 17:11:23,342 [ 1] INFO  Unity: MapEntityUpdateRequest:ID:10,POS:SkillBridge.Message.NVector3,DIR:SkillBridge.Message.NVector3,SPD:0
2021-04-18 17:11:23,429 [ 1] INFO  Unity: SetDirection:(-100, -1, 0)
2021-04-18 17:11:23,430 [ 1] INFO  Unity: MapEntityUpdateRequest:ID:10,POS:SkillBridge.Message.NVector3,DIR:SkillBridge.Message.NVector3,SPD:0
2021-04-18 17:11:23,554 [ 1] INFO  Unity: SetDirection:(-99, 17, 0)
2021-04-18 17:11:23,554 [ 1] INFO  Unity: MapEntityUpdateRequest:ID:10,POS:SkillBridge.Message.NVector3,DIR:SkillBridge.Message.NVector3,SPD:0
2021-04-18 17:11:25,928 [ 1] INFO  Unity: SetDirection:(-94, 35, 0)
2021-04-18 17:11:25,929 [ 1] INFO  Unity: MapEntityUpdateRequest:ID:10,POS:SkillBridge.Message.NVector3,DIR:SkillBridge.Message.NVector3,SPD:0
2021-04-18 17:11:26,095 [ 1] INFO  Unity: SetDirection:(-86, 52, 0)
2021-04-18 17:11:26,096 [ 1] INFO  Unity: MapEntityUpdateRequest:ID:10,POS:SkillBridge.Message.NVector3,DIR:SkillBridge.Message.NVector3,SPD:0
2021-04-18 17:11:26,747 [ 1] INFO  Unity: SetDirection:(-93, 36, 0)
2021-04-18 17:11:26,748 [ 1] INFO  Unity: MapEntityUpdateRequest:ID:10,POS:SkillBridge.Message.NVector3,DIR:SkillBridge.Message.NVector3,SPD:0
2021-04-18 17:11:26,874 [ 1] INFO  Unity: SetDirection:(-98, 18, 0)
2021-04-18 17:11:26,875 [ 1] INFO  Unity: MapEntityUpdateRequest:ID:10,POS:SkillBridge.Message.NVector3,DIR:SkillBridge.Message.NVector3,SPD:0
2021-04-18 17:11:26,961 [ 1] INFO  Unity: SetDirection:(-100, -1, 0)
2021-04-18 17:11:26,961 [ 1] INFO  Unity: MapEntityUpdateRequest:ID:10,POS:SkillBridge.Message.NVector3,DIR:SkillBridge.Message.NVector3,SPD:0
2021-04-18 17:11:27,130 [ 1] INFO  Unity: SetDirection:(-98, -19, 0)
2021-04-18 17:11:27,131 [ 1] INFO  Unity: MapEntityUpdateRequest:ID:10,POS:SkillBridge.Message.NVector3,DIR:SkillBridge.Message.NVector3,SPD:0
2021-04-18 17:11:28,719 [ 1] INFO  Unity: SetDirection:(-100, 0, 0)
2021-04-18 17:11:28,720 [ 1] INFO  Unity: MapEntityUpdateRequest:ID:10,POS:SkillBridge.Message.NVector3,DIR:SkillBridge.Message.NVector3,SPD:0
2021-04-18 17:11:28,819 [ 1] INFO  Unity: SetDirection:(-98, 21, 0)
2021-04-18 17:11:28,820 [ 1] INFO  Unity: MapEntityUpdateRequest:ID:10,POS:SkillBridge.Message.NVector3,DIR:SkillBridge.Message.NVector3,SPD:0
2021-04-18 17:11:28,944 [ 1] INFO  Unity: SetDirection:(-92, 39, 0)
2021-04-18 17:11:28,945 [ 1] INFO  Unity: MapEntityUpdateRequest:ID:10,POS:SkillBridge.Message.NVector3,DIR:SkillBridge.Message.NVector3,SPD:0
2021-04-18 17:11:52,654 [ 1] INFO  Unity: OnDestroy NetworkManager.
2021-04-18 17:11:52,655 [ 1] WARN  Unity: CloseConnection(), errorCode: 1007
UnityEngine.Debug:LogWarning(Object)
Network.NetClient:CloseConnection(Int32) (at Assets/Scripts/Network/NetClient.cs:182)
Network.NetClient:OnDestroy() (at Assets/Scripts/Network/NetClient.cs:177)

2021-04-18 17:11:52,657 [ 1] INFO  Unity: Char_1_Wizard_fs2 isDestroy: entityID:10 POS:(1781, 2437, 805) DIR:(-92, 39, 0) SPD:0
